<?xml version="1.0" encoding="UTF-8"?>
<TestRun id="ec3ab223-1c9e-48d5-a1e0-1c3a19cb8252" name="personal@HP250G4 2016-11-24 00:42:55" runUser="HP250G4\personal" xmlns="http://microsoft.com/schemas/VisualStudio/TeamTest/2010">
  <TestSettings name="Local" id="3d926bb2-c9f7-4c49-ab3f-01e502062ec1">
    <Description>Esta es la configuración de pruebas predeterminada para una serie de pruebas local.</Description>
    <Execution>
      <TestTypeSpecific />
      <AgentRule name="Execution Agents">
      </AgentRule>
    </Execution>
    <Deployment runDeploymentRoot="personal_HP250G4 2016-11-24 00_42_55" />
    <Properties />
  </TestSettings>
  <Times creation="2016-11-24T00:42:55.3238780+01:00" queuing="2016-11-24T00:43:00.9998840+01:00" start="2016-11-24T00:43:01.5920664+01:00" finish="2016-11-24T00:43:02.5217003+01:00" />
  <ResultSummary outcome="Completed">
    <Counters total="1" executed="1" passed="1" error="0" failed="0" timeout="0" aborted="0" inconclusive="0" passedButRunAborted="0" notRunnable="0" notExecuted="0" disconnected="0" warning="0" completed="0" inProgress="0" pending="0" />
  </ResultSummary>
  <TestDefinitions>
    <WebTest name="WebTest1" storage="c:\users\personal\documents\visual studio 2013\projects\webtallermecanico\testpruebacargarendimiento\webtest1.webtest" id="d980452a-8a46-4f22-afb1-9f93e13e99a6" persistedWebTest="77u/PD94bWwgdmVyc2lvbj0iMS4wIiBlbmNvZGluZz0iVVRGLTgiIHN0YW5kYWxvbmU9InllcyI/Pg0KPFdlYlRlc3QgTmFtZT0iV2ViVGVzdDEiIElkPSJkOTgwNDUyYS04YTQ2LTRmMjItYWZiMS05ZjkzZTEzZTk5YTYiIE93bmVyPSIiIFByaW9yaXR5PSIyMTQ3NDgzNjQ3IiBFbmFibGVkPSJUcnVlIiBDc3NQcm9qZWN0U3RydWN0dXJlPSIiIENzc0l0ZXJhdGlvbj0iIiBUaW1lb3V0PSIwIiBXb3JrSXRlbUlkcz0iIiB4bWxucz0iaHR0cDovL21pY3Jvc29mdC5jb20vc2NoZW1hcy9WaXN1YWxTdHVkaW8vVGVhbVRlc3QvMjAxMCIgRGVzY3JpcHRpb249IiIgQ3JlZGVudGlhbFVzZXJOYW1lPSIiIENyZWRlbnRpYWxQYXNzd29yZD0iIiBQcmVBdXRoZW50aWNhdGU9IlRydWUiIFByb3h5PSJkZWZhdWx0IiBTdG9wT25FcnJvcj0iRmFsc2UiIFJlY29yZGVkUmVzdWx0RmlsZT0iIiBSZXN1bHRzTG9jYWxlPSIiIC8+">
      <Execution id="180a4e8e-6346-4dcb-8022-2141a24ae666" />
    </WebTest>
  </TestDefinitions>
  <TestLists>
    <TestList name="Resultados que no están en la lista" id="8c84fa94-04c1-424b-9868-57a2d4851a1d" />
    <TestList name="Todos los resultados cargados" id="19431567-8539-422a-85d7-44ee4e166bda" />
  </TestLists>
  <TestEntries>
    <TestEntry isTransparent="false" testId="d980452a-8a46-4f22-afb1-9f93e13e99a6" executionId="180a4e8e-6346-4dcb-8022-2141a24ae666" testListId="8c84fa94-04c1-424b-9868-57a2d4851a1d" />
  </TestEntries>
  <Results>
    <WebTestResult executionId="180a4e8e-6346-4dcb-8022-2141a24ae666" testId="d980452a-8a46-4f22-afb1-9f93e13e99a6" testName="WebTest1" computerName="HP250G4" duration="00:00:00.0287318" startTime="2016-11-24T00:43:01.8202272+01:00" endTime="2016-11-24T00:43:02.3512121+01:00" testType="4e7599fa-5ecb-43e9-a887-cd63cf72d207" outcome="Passed" testListId="8c84fa94-04c1-424b-9868-57a2d4851a1d" relativeResultsDirectory="180a4e8e-6346-4dcb-8022-2141a24ae666">
      <ResultFiles>
        <ResultFile path="WebTest1.webtestResult" />
      </ResultFiles>
      <TestSettings name="Local" id="3d926bb2-c9f7-4c49-ab3f-01e502062ec1">
        <Description>Esta es la configuración de pruebas predeterminada para una serie de pruebas local.</Description>
        <Execution>
          <TestTypeSpecific>
            <WebTestRunConfiguration testTypeId="4e7599fa-5ecb-43e9-a887-cd63cf72d207">
              <Browser name="Internet Explorer 9.0" MaxConnections="6">
                <Headers>
                  <Header name="User-Agent" value="Mozilla/5.0 (compatible; MSIE 9.0; Windows NT 6.1; Trident/5.0)" />
                  <Header name="Accept" value="*/*" />
                  <Header name="Accept-Language" value="{{$IEAcceptLanguage}}" />
                  <Header name="Accept-Encoding" value="GZIP" />
                </Headers>
              </Browser>
            </WebTestRunConfiguration>
          </TestTypeSpecific>
          <AgentRule name="Execution Agents">
          </AgentRule>
        </Execution>
        <Deployment runDeploymentRoot="personal_HP250G4 2016-11-24 00_42_55" />
        <Properties />
      </TestSettings>
      <WebTestResultFilePath>personal_HP250G4 2016-11-24 00_42_55\In\180a4e8e-6346-4dcb-8022-2141a24ae666\WebTest1.webtestResult</WebTestResultFilePath>
    </WebTestResult>
  </Results>
</TestRun>